<?xml version="1.0" encoding="UTF-8"?>
<!-- Generated by org.testng.reporters.JUnitReportReporter -->
<testsuite hostname="LenovoPC" name="AutomationFramework.DriverTestNG" tests="1" failures="0" timestamp="13 Mar 2018 05:35:51 GMT" time="49.680" errors="0">
  <testcase name="login" time="49.680" classname="AutomationFramework.DriverTestNG"/>
</testsuite> <!-- AutomationFramework.DriverTestNG -->
